<?xml version="1.0" encoding="UTF-8"?>
<!-- Generated by org.testng.reporters.JUnitReportReporter -->
<testsuite skipped="0" hostname="Saravanans-MBP" name="testCase.LoginPgTestcase" tests="1" failures="0" timestamp="2020-02-03T17:26:34 PST" time="24.101" errors="0">
  <testcase name="login" time="24.101" classname="testCase.LoginPgTestcase"/>
</testsuite> <!-- testCase.LoginPgTestcase -->
