<?xml version="1.0" encoding="UTF-8"?>
<!-- Generated by org.testng.reporters.JUnitReportReporter -->
<testsuite skipped="0" hostname="Saravanans-MBP" name="flipkartTestcases.SearchTestCase" tests="1" failures="0" timestamp="2020-02-04T19:55:40 PST" time="2.880" errors="0">
  <testcase name="search" time="2.880" classname="flipkartTestcases.SearchTestCase"/>
  <system-out/>
</testsuite> <!-- flipkartTestcases.SearchTestCase -->
