<?xml version="1.0" encoding="UTF-8"?>
<!-- Generated by org.testng.reporters.JUnitReportReporter -->
<testsuite skipped="0" hostname="Saravanans-MBP" name="flipkartTestcases.LoginTestCase" tests="2" failures="0" timestamp="2020-02-04T16:48:04 PST" time="1.038" errors="0">
  <testcase name="login" time="0.694" classname="flipkartTestcases.LoginTestCase"/>
  <system-out/>
  <testcase name="createacc" time="0.344" classname="flipkartTestcases.LoginTestCase"/>
  <system-out/>
</testsuite> <!-- flipkartTestcases.LoginTestCase -->
